mode: set
github.com/semistrict/loophole/lsm/layer.go:74.91,75.23 1 1
github.com/semistrict/loophole/lsm/layer.go:75.23,77.3 1 0
github.com/semistrict/loophole/lsm/layer.go:79.2,80.16 2 1
github.com/semistrict/loophole/lsm/layer.go:80.16,82.3 1 0
github.com/semistrict/loophole/lsm/layer.go:83.2,97.28 8 1
github.com/semistrict/loophole/lsm/layer.go:97.28,98.27 1 1
github.com/semistrict/loophole/lsm/layer.go:98.27,100.4 1 0
github.com/semistrict/loophole/lsm/layer.go:101.3,101.27 1 1
github.com/semistrict/loophole/lsm/layer.go:101.27,103.4 1 1
github.com/semistrict/loophole/lsm/layer.go:105.3,111.18 2 1
github.com/semistrict/loophole/lsm/layer.go:111.18,114.4 2 1
github.com/semistrict/loophole/lsm/layer.go:114.9,116.18 2 1
github.com/semistrict/loophole/lsm/layer.go:116.18,118.5 1 0
github.com/semistrict/loophole/lsm/layer.go:119.4,122.25 4 1
github.com/semistrict/loophole/lsm/layer.go:125.3,125.42 1 1
github.com/semistrict/loophole/lsm/layer.go:129.2,130.34 2 1
github.com/semistrict/loophole/lsm/layer.go:130.34,131.69 1 1
github.com/semistrict/loophole/lsm/layer.go:131.69,133.4 1 0
github.com/semistrict/loophole/lsm/layer.go:137.2,149.72 4 1
github.com/semistrict/loophole/lsm/layer.go:149.72,151.3 1 0
github.com/semistrict/loophole/lsm/layer.go:152.2,162.26 3 1
github.com/semistrict/loophole/lsm/layer.go:172.62,173.38 1 1
github.com/semistrict/loophole/lsm/layer.go:173.38,175.3 1 1
github.com/semistrict/loophole/lsm/layer.go:177.2,178.109 2 1
github.com/semistrict/loophole/lsm/layer.go:178.109,180.3 1 0
github.com/semistrict/loophole/lsm/layer.go:181.2,181.34 1 1
github.com/semistrict/loophole/lsm/layer.go:181.34,183.3 1 1
github.com/semistrict/loophole/lsm/layer.go:184.2,184.38 1 1
github.com/semistrict/loophole/lsm/layer.go:184.38,186.3 1 1
github.com/semistrict/loophole/lsm/layer.go:188.2,189.34 2 1
github.com/semistrict/loophole/lsm/layer.go:189.34,191.3 1 1
github.com/semistrict/loophole/lsm/layer.go:193.2,195.25 3 1
github.com/semistrict/loophole/lsm/layer.go:195.25,196.74 1 1
github.com/semistrict/loophole/lsm/layer.go:196.74,198.4 1 0
github.com/semistrict/loophole/lsm/layer.go:201.2,201.59 1 1
github.com/semistrict/loophole/lsm/layer.go:207.84,209.50 1 1
github.com/semistrict/loophole/lsm/layer.go:209.50,211.3 1 1
github.com/semistrict/loophole/lsm/layer.go:214.2,215.71 2 1
github.com/semistrict/loophole/lsm/layer.go:215.71,216.30 1 1
github.com/semistrict/loophole/lsm/layer.go:216.30,218.4 1 1
github.com/semistrict/loophole/lsm/layer.go:220.2,220.17 1 1
github.com/semistrict/loophole/lsm/layer.go:220.17,222.3 1 1
github.com/semistrict/loophole/lsm/layer.go:224.2,227.22 2 1
github.com/semistrict/loophole/lsm/layer.go:227.22,229.3 1 1
github.com/semistrict/loophole/lsm/layer.go:232.2,233.31 2 1
github.com/semistrict/loophole/lsm/layer.go:233.31,235.3 1 1
github.com/semistrict/loophole/lsm/layer.go:236.2,238.48 2 1
github.com/semistrict/loophole/lsm/layer.go:238.48,240.3 1 1
github.com/semistrict/loophole/lsm/layer.go:242.2,243.16 2 1
github.com/semistrict/loophole/lsm/layer.go:243.16,245.3 1 0
github.com/semistrict/loophole/lsm/layer.go:246.2,249.16 3 1
github.com/semistrict/loophole/lsm/layer.go:249.16,251.3 1 0
github.com/semistrict/loophole/lsm/layer.go:252.2,252.35 1 1
github.com/semistrict/loophole/lsm/layer.go:252.35,254.3 1 1
github.com/semistrict/loophole/lsm/layer.go:256.2,256.32 1 1
github.com/semistrict/loophole/lsm/layer.go:260.58,263.2 2 1
github.com/semistrict/loophole/lsm/layer.go:268.68,271.21 3 1
github.com/semistrict/loophole/lsm/layer.go:271.21,273.3 1 1
github.com/semistrict/loophole/lsm/layer.go:274.2,275.16 2 1
github.com/semistrict/loophole/lsm/layer.go:275.16,277.3 1 1
github.com/semistrict/loophole/lsm/layer.go:278.2,279.16 2 1
github.com/semistrict/loophole/lsm/layer.go:279.16,281.3 1 1
github.com/semistrict/loophole/lsm/layer.go:282.2,288.8 1 1
github.com/semistrict/loophole/lsm/layer.go:326.90,327.21 1 1
github.com/semistrict/loophole/lsm/layer.go:327.21,329.3 1 0
github.com/semistrict/loophole/lsm/layer.go:331.2,332.16 2 1
github.com/semistrict/loophole/lsm/layer.go:332.16,334.3 1 0
github.com/semistrict/loophole/lsm/layer.go:335.2,344.26 7 1
github.com/semistrict/loophole/lsm/layer.go:344.26,345.27 1 1
github.com/semistrict/loophole/lsm/layer.go:345.27,347.4 1 0
github.com/semistrict/loophole/lsm/layer.go:348.3,348.27 1 1
github.com/semistrict/loophole/lsm/layer.go:348.27,350.4 1 1
github.com/semistrict/loophole/lsm/layer.go:352.3,360.42 4 1
github.com/semistrict/loophole/lsm/layer.go:363.2,364.34 2 1
github.com/semistrict/loophole/lsm/layer.go:364.34,365.69 1 1
github.com/semistrict/loophole/lsm/layer.go:365.69,367.4 1 0
github.com/semistrict/loophole/lsm/layer.go:370.2,381.72 4 1
github.com/semistrict/loophole/lsm/layer.go:381.72,383.3 1 0
github.com/semistrict/loophole/lsm/layer.go:384.2,393.26 3 1
github.com/semistrict/loophole/lsm/layer.go:402.62,403.38 1 1
github.com/semistrict/loophole/lsm/layer.go:403.38,405.3 1 1
github.com/semistrict/loophole/lsm/layer.go:407.2,408.109 2 1
github.com/semistrict/loophole/lsm/layer.go:408.109,410.3 1 0
github.com/semistrict/loophole/lsm/layer.go:411.2,411.34 1 1
github.com/semistrict/loophole/lsm/layer.go:411.34,413.3 1 1
github.com/semistrict/loophole/lsm/layer.go:415.2,416.34 2 1
github.com/semistrict/loophole/lsm/layer.go:416.34,418.3 1 1
github.com/semistrict/loophole/lsm/layer.go:420.2,422.25 3 1
github.com/semistrict/loophole/lsm/layer.go:422.25,423.74 1 1
github.com/semistrict/loophole/lsm/layer.go:423.74,425.4 1 0
github.com/semistrict/loophole/lsm/layer.go:428.2,428.59 1 1
github.com/semistrict/loophole/lsm/layer.go:432.76,433.50 1 1
github.com/semistrict/loophole/lsm/layer.go:433.50,435.3 1 1
github.com/semistrict/loophole/lsm/layer.go:436.2,436.58 1 1
github.com/semistrict/loophole/lsm/layer.go:436.58,438.3 1 1
github.com/semistrict/loophole/lsm/layer.go:440.2,442.31 3 1
github.com/semistrict/loophole/lsm/layer.go:442.31,444.3 1 1
github.com/semistrict/loophole/lsm/layer.go:445.2,447.48 2 1
github.com/semistrict/loophole/lsm/layer.go:447.48,449.3 1 1
github.com/semistrict/loophole/lsm/layer.go:451.2,452.16 2 1
github.com/semistrict/loophole/lsm/layer.go:452.16,454.3 1 0
github.com/semistrict/loophole/lsm/layer.go:455.2,458.16 3 1
github.com/semistrict/loophole/lsm/layer.go:458.16,460.3 1 0
github.com/semistrict/loophole/lsm/layer.go:461.2,461.35 1 1
github.com/semistrict/loophole/lsm/layer.go:461.35,463.3 1 1
github.com/semistrict/loophole/lsm/layer.go:465.2,465.32 1 1
github.com/semistrict/loophole/lsm/localfs.go:38.52,38.78 1 1
github.com/semistrict/loophole/lsm/localfs.go:39.53,39.79 1 1
github.com/semistrict/loophole/lsm/localfs.go:40.64,42.2 1 1
github.com/semistrict/loophole/lsm/localfs.go:43.75,43.103 1 1
github.com/semistrict/loophole/lsm/localfs.go:44.78,46.2 1 1
github.com/semistrict/loophole/lsm/localfs.go:51.34,51.55 1 1
github.com/semistrict/loophole/lsm/lsm.go:32.32,33.27 1 1
github.com/semistrict/loophole/lsm/lsm.go:33.27,35.3 1 1
github.com/semistrict/loophole/lsm/lsm.go:36.2,36.28 1 1
github.com/semistrict/loophole/lsm/lsm.go:36.28,38.3 1 1
github.com/semistrict/loophole/lsm/lsm.go:39.2,39.27 1 1
github.com/semistrict/loophole/lsm/lsm.go:39.27,41.3 1 1
github.com/semistrict/loophole/lsm/manager.go:42.111,44.15 2 1
github.com/semistrict/loophole/lsm/manager.go:44.15,46.3 1 1
github.com/semistrict/loophole/lsm/manager.go:47.2,47.18 1 1
github.com/semistrict/loophole/lsm/manager.go:47.18,49.3 1 1
github.com/semistrict/loophole/lsm/manager.go:50.2,62.10 2 1
github.com/semistrict/loophole/lsm/manager.go:65.102,66.15 1 1
github.com/semistrict/loophole/lsm/manager.go:66.15,68.3 1 1
github.com/semistrict/loophole/lsm/manager.go:70.2,77.16 4 1
github.com/semistrict/loophole/lsm/manager.go:77.16,79.3 1 0
github.com/semistrict/loophole/lsm/manager.go:80.2,80.97 1 1
github.com/semistrict/loophole/lsm/manager.go:80.97,82.3 1 1
github.com/semistrict/loophole/lsm/manager.go:85.2,87.16 3 1
github.com/semistrict/loophole/lsm/manager.go:87.16,89.3 1 0
github.com/semistrict/loophole/lsm/manager.go:90.2,91.16 2 1
github.com/semistrict/loophole/lsm/manager.go:91.16,93.3 1 1
github.com/semistrict/loophole/lsm/manager.go:94.2,94.14 1 1
github.com/semistrict/loophole/lsm/manager.go:94.14,96.3 1 1
github.com/semistrict/loophole/lsm/manager.go:98.2,98.37 1 1
github.com/semistrict/loophole/lsm/manager.go:101.90,103.34 2 1
github.com/semistrict/loophole/lsm/manager.go:103.34,106.3 2 1
github.com/semistrict/loophole/lsm/manager.go:107.2,110.16 3 1
github.com/semistrict/loophole/lsm/manager.go:110.16,112.3 1 1
github.com/semistrict/loophole/lsm/manager.go:113.2,113.37 1 1
github.com/semistrict/loophole/lsm/manager.go:116.59,120.9 4 1
github.com/semistrict/loophole/lsm/manager.go:120.9,122.3 1 1
github.com/semistrict/loophole/lsm/manager.go:123.2,123.10 1 1
github.com/semistrict/loophole/lsm/manager.go:126.38,130.30 4 1
github.com/semistrict/loophole/lsm/manager.go:130.30,132.3 1 1
github.com/semistrict/loophole/lsm/manager.go:133.2,133.14 1 1
github.com/semistrict/loophole/lsm/manager.go:136.73,138.16 2 1
github.com/semistrict/loophole/lsm/manager.go:138.16,140.3 1 1
github.com/semistrict/loophole/lsm/manager.go:141.2,142.30 2 1
github.com/semistrict/loophole/lsm/manager.go:142.30,144.3 1 1
github.com/semistrict/loophole/lsm/manager.go:145.2,145.19 1 1
github.com/semistrict/loophole/lsm/manager.go:148.72,150.34 2 1
github.com/semistrict/loophole/lsm/manager.go:150.34,153.3 2 1
github.com/semistrict/loophole/lsm/manager.go:154.2,156.58 2 1
github.com/semistrict/loophole/lsm/manager.go:156.58,158.3 1 1
github.com/semistrict/loophole/lsm/manager.go:160.2,160.12 1 1
github.com/semistrict/loophole/lsm/manager.go:163.52,166.30 3 1
github.com/semistrict/loophole/lsm/manager.go:166.30,168.3 1 1
github.com/semistrict/loophole/lsm/manager.go:169.2,173.25 4 1
github.com/semistrict/loophole/lsm/manager.go:173.25,175.22 2 1
github.com/semistrict/loophole/lsm/manager.go:175.22,177.4 1 1
github.com/semistrict/loophole/lsm/manager.go:179.2,179.17 1 1
github.com/semistrict/loophole/lsm/manager.go:184.85,186.16 2 1
github.com/semistrict/loophole/lsm/manager.go:186.16,188.3 1 1
github.com/semistrict/loophole/lsm/manager.go:189.2,189.17 1 1
github.com/semistrict/loophole/lsm/manager.go:192.96,194.16 2 1
github.com/semistrict/loophole/lsm/manager.go:194.16,196.3 1 1
github.com/semistrict/loophole/lsm/manager.go:198.2,201.41 3 1
github.com/semistrict/loophole/lsm/manager.go:201.41,205.3 3 1
github.com/semistrict/loophole/lsm/manager.go:206.2,209.15 3 1
github.com/semistrict/loophole/lsm/manager.go:212.44,216.2 3 1
github.com/semistrict/loophole/lsm/memlayer.go:34.78,37.16 3 1
github.com/semistrict/loophole/lsm/memlayer.go:37.16,39.3 1 0
github.com/semistrict/loophole/lsm/memlayer.go:40.2,46.8 1 1
github.com/semistrict/loophole/lsm/memlayer.go:50.66,51.27 1 1
github.com/semistrict/loophole/lsm/memlayer.go:51.27,53.3 1 0
github.com/semistrict/loophole/lsm/memlayer.go:55.2,58.15 3 1
github.com/semistrict/loophole/lsm/memlayer.go:58.15,60.3 1 1
github.com/semistrict/loophole/lsm/memlayer.go:62.2,63.16 2 1
github.com/semistrict/loophole/lsm/memlayer.go:63.16,65.3 1 0
github.com/semistrict/loophole/lsm/memlayer.go:66.2,66.47 1 1
github.com/semistrict/loophole/lsm/memlayer.go:66.47,68.3 1 0
github.com/semistrict/loophole/lsm/memlayer.go:70.2,72.12 3 1
github.com/semistrict/loophole/lsm/memlayer.go:76.62,80.15 3 1
github.com/semistrict/loophole/lsm/memlayer.go:80.15,82.3 1 0
github.com/semistrict/loophole/lsm/memlayer.go:84.2,85.12 2 1
github.com/semistrict/loophole/lsm/memlayer.go:89.59,94.2 4 1
github.com/semistrict/loophole/lsm/memlayer.go:97.58,98.17 1 1
github.com/semistrict/loophole/lsm/memlayer.go:98.17,100.3 1 0
github.com/semistrict/loophole/lsm/memlayer.go:102.2,106.16 5 1
github.com/semistrict/loophole/lsm/memlayer.go:106.16,108.3 1 0
github.com/semistrict/loophole/lsm/memlayer.go:109.2,109.17 1 1
github.com/semistrict/loophole/lsm/memlayer.go:113.43,118.2 4 1
github.com/semistrict/loophole/lsm/memlayer.go:127.45,132.32 4 1
github.com/semistrict/loophole/lsm/memlayer.go:132.32,134.3 1 1
github.com/semistrict/loophole/lsm/memlayer.go:135.2,135.38 1 1
github.com/semistrict/loophole/lsm/memlayer.go:135.38,136.41 1 1
github.com/semistrict/loophole/lsm/memlayer.go:136.41,138.4 1 1
github.com/semistrict/loophole/lsm/memlayer.go:139.3,139.33 1 0
github.com/semistrict/loophole/lsm/memlayer.go:141.2,141.12 1 1
github.com/semistrict/loophole/lsm/memlayer.go:145.31,150.2 4 1
github.com/semistrict/loophole/lsm/pagecache.go:29.46,31.18 2 1
github.com/semistrict/loophole/lsm/pagecache.go:31.18,33.3 1 1
github.com/semistrict/loophole/lsm/pagecache.go:34.2,38.3 1 1
github.com/semistrict/loophole/lsm/pagecache.go:42.69,48.9 5 1
github.com/semistrict/loophole/lsm/pagecache.go:48.9,50.3 1 1
github.com/semistrict/loophole/lsm/pagecache.go:51.2,55.12 5 1
github.com/semistrict/loophole/lsm/pagecache.go:59.65,64.35 4 1
github.com/semistrict/loophole/lsm/pagecache.go:64.35,67.3 2 1
github.com/semistrict/loophole/lsm/pagecache.go:71.75,77.35 4 1
github.com/semistrict/loophole/lsm/pagecache.go:77.35,82.3 4 1
github.com/semistrict/loophole/lsm/pagecache.go:85.2,85.34 1 1
github.com/semistrict/loophole/lsm/pagecache.go:85.34,87.18 2 1
github.com/semistrict/loophole/lsm/pagecache.go:87.18,88.9 1 0
github.com/semistrict/loophole/lsm/pagecache.go:90.3,91.32 2 1
github.com/semistrict/loophole/lsm/pagecache.go:94.2,97.22 4 1
github.com/semistrict/loophole/lsm/timeline.go:69.185,71.16 2 1
github.com/semistrict/loophole/lsm/timeline.go:71.16,73.3 1 1
github.com/semistrict/loophole/lsm/timeline.go:75.2,89.25 2 1
github.com/semistrict/loophole/lsm/timeline.go:89.25,93.17 4 1
github.com/semistrict/loophole/lsm/timeline.go:93.17,95.4 1 1
github.com/semistrict/loophole/lsm/timeline.go:96.3,96.25 1 1
github.com/semistrict/loophole/lsm/timeline.go:100.2,100.45 1 1
github.com/semistrict/loophole/lsm/timeline.go:100.45,102.3 1 0
github.com/semistrict/loophole/lsm/timeline.go:105.2,106.51 2 1
github.com/semistrict/loophole/lsm/timeline.go:106.51,108.3 1 0
github.com/semistrict/loophole/lsm/timeline.go:111.2,112.16 2 1
github.com/semistrict/loophole/lsm/timeline.go:112.16,114.3 1 0
github.com/semistrict/loophole/lsm/timeline.go:116.2,116.16 1 1
github.com/semistrict/loophole/lsm/timeline.go:120.87,122.23 2 1
github.com/semistrict/loophole/lsm/timeline.go:122.23,128.17 5 1
github.com/semistrict/loophole/lsm/timeline.go:128.17,130.4 1 1
github.com/semistrict/loophole/lsm/timeline.go:131.3,132.22 2 1
github.com/semistrict/loophole/lsm/timeline.go:134.2,134.19 1 1
github.com/semistrict/loophole/lsm/timeline.go:138.82,140.26 2 1
github.com/semistrict/loophole/lsm/timeline.go:140.26,148.23 5 1
github.com/semistrict/loophole/lsm/timeline.go:148.23,150.18 2 1
github.com/semistrict/loophole/lsm/timeline.go:150.18,152.5 1 1
github.com/semistrict/loophole/lsm/timeline.go:153.4,153.27 1 1
github.com/semistrict/loophole/lsm/timeline.go:156.3,162.17 6 1
github.com/semistrict/loophole/lsm/timeline.go:162.17,164.4 1 0
github.com/semistrict/loophole/lsm/timeline.go:168.3,168.26 1 1
github.com/semistrict/loophole/lsm/timeline.go:168.26,170.4 1 1
github.com/semistrict/loophole/lsm/timeline.go:173.3,173.58 1 1
github.com/semistrict/loophole/lsm/timeline.go:173.58,174.54 1 1
github.com/semistrict/loophole/lsm/timeline.go:174.54,176.5 1 0
github.com/semistrict/loophole/lsm/timeline.go:179.3,179.24 1 1
github.com/semistrict/loophole/lsm/timeline.go:181.2,181.12 1 1
github.com/semistrict/loophole/lsm/timeline.go:185.81,190.60 3 1
github.com/semistrict/loophole/lsm/timeline.go:190.60,195.17 5 1
github.com/semistrict/loophole/lsm/timeline.go:195.17,197.4 1 0
github.com/semistrict/loophole/lsm/timeline.go:198.3,198.26 1 1
github.com/semistrict/loophole/lsm/timeline.go:198.26,200.4 1 1
github.com/semistrict/loophole/lsm/timeline.go:202.2,202.12 1 1
github.com/semistrict/loophole/lsm/timeline.go:206.54,209.2 2 1
github.com/semistrict/loophole/lsm/timeline.go:212.92,217.70 3 1
github.com/semistrict/loophole/lsm/timeline.go:217.70,218.22 1 1
github.com/semistrict/loophole/lsm/timeline.go:218.22,220.4 1 1
github.com/semistrict/loophole/lsm/timeline.go:221.3,221.37 1 1
github.com/semistrict/loophole/lsm/timeline.go:225.2,230.40 5 1
github.com/semistrict/loophole/lsm/timeline.go:230.40,231.69 1 1
github.com/semistrict/loophole/lsm/timeline.go:231.69,232.23 1 0
github.com/semistrict/loophole/lsm/timeline.go:232.23,234.5 1 0
github.com/semistrict/loophole/lsm/timeline.go:235.4,235.36 1 0
github.com/semistrict/loophole/lsm/timeline.go:242.2,245.14 2 1
github.com/semistrict/loophole/lsm/timeline.go:245.14,246.65 1 1
github.com/semistrict/loophole/lsm/timeline.go:246.65,248.4 1 0
github.com/semistrict/loophole/lsm/timeline.go:252.2,252.50 1 1
github.com/semistrict/loophole/lsm/timeline.go:252.50,254.28 2 1
github.com/semistrict/loophole/lsm/timeline.go:254.28,255.12 1 1
github.com/semistrict/loophole/lsm/timeline.go:257.3,257.63 1 1
github.com/semistrict/loophole/lsm/timeline.go:257.63,258.12 1 1
github.com/semistrict/loophole/lsm/timeline.go:260.3,261.17 2 1
github.com/semistrict/loophole/lsm/timeline.go:261.17,263.4 1 1
github.com/semistrict/loophole/lsm/timeline.go:264.3,264.12 1 1
github.com/semistrict/loophole/lsm/timeline.go:264.12,265.16 1 1
github.com/semistrict/loophole/lsm/timeline.go:265.16,267.5 1 1
github.com/semistrict/loophole/lsm/timeline.go:268.4,268.20 1 1
github.com/semistrict/loophole/lsm/timeline.go:273.2,273.50 1 1
github.com/semistrict/loophole/lsm/timeline.go:273.50,275.22 2 1
github.com/semistrict/loophole/lsm/timeline.go:275.22,276.12 1 0
github.com/semistrict/loophole/lsm/timeline.go:278.3,278.63 1 1
github.com/semistrict/loophole/lsm/timeline.go:278.63,279.12 1 1
github.com/semistrict/loophole/lsm/timeline.go:281.3,282.17 2 1
github.com/semistrict/loophole/lsm/timeline.go:282.17,284.4 1 1
github.com/semistrict/loophole/lsm/timeline.go:285.3,285.12 1 1
github.com/semistrict/loophole/lsm/timeline.go:285.12,286.16 1 1
github.com/semistrict/loophole/lsm/timeline.go:286.16,288.5 1 1
github.com/semistrict/loophole/lsm/timeline.go:289.4,289.20 1 1
github.com/semistrict/loophole/lsm/timeline.go:294.2,294.24 1 1
github.com/semistrict/loophole/lsm/timeline.go:294.24,296.3 1 1
github.com/semistrict/loophole/lsm/timeline.go:299.2,299.36 1 1
github.com/semistrict/loophole/lsm/timeline.go:303.38,316.16 10 1
github.com/semistrict/loophole/lsm/timeline.go:316.16,317.53 1 0
github.com/semistrict/loophole/lsm/timeline.go:319.2,319.18 1 1
github.com/semistrict/loophole/lsm/timeline.go:325.68,328.2 2 1
github.com/semistrict/loophole/lsm/timeline.go:332.66,336.6 3 1
github.com/semistrict/loophole/lsm/timeline.go:336.6,338.32 2 1
github.com/semistrict/loophole/lsm/timeline.go:338.32,341.4 2 1
github.com/semistrict/loophole/lsm/timeline.go:342.3,345.51 3 1
github.com/semistrict/loophole/lsm/timeline.go:345.51,347.4 1 1
github.com/semistrict/loophole/lsm/timeline.go:349.3,351.23 3 1
github.com/semistrict/loophole/lsm/timeline.go:356.76,359.23 2 1
github.com/semistrict/loophole/lsm/timeline.go:359.23,361.3 1 1
github.com/semistrict/loophole/lsm/timeline.go:363.2,364.16 2 1
github.com/semistrict/loophole/lsm/timeline.go:364.16,366.3 1 0
github.com/semistrict/loophole/lsm/timeline.go:369.2,369.81 1 1
github.com/semistrict/loophole/lsm/timeline.go:369.81,371.3 1 1
github.com/semistrict/loophole/lsm/timeline.go:374.2,381.45 5 1
github.com/semistrict/loophole/lsm/timeline.go:381.45,389.3 5 1
github.com/semistrict/loophole/lsm/timeline.go:390.2,397.12 3 1
github.com/semistrict/loophole/lsm/timeline.go:401.94,410.16 4 1
github.com/semistrict/loophole/lsm/timeline.go:410.16,412.3 1 0
github.com/semistrict/loophole/lsm/timeline.go:413.2,413.77 1 1
github.com/semistrict/loophole/lsm/timeline.go:413.77,415.3 1 1
github.com/semistrict/loophole/lsm/timeline.go:418.2,419.16 2 1
github.com/semistrict/loophole/lsm/timeline.go:419.16,421.3 1 1
github.com/semistrict/loophole/lsm/timeline.go:422.2,427.16 3 1
github.com/semistrict/loophole/lsm/timeline.go:427.16,429.3 1 0
github.com/semistrict/loophole/lsm/timeline.go:430.2,430.90 1 1
github.com/semistrict/loophole/lsm/timeline.go:430.90,432.3 1 1
github.com/semistrict/loophole/lsm/timeline.go:434.2,434.12 1 1
github.com/semistrict/loophole/lsm/timeline.go:438.61,441.16 2 1
github.com/semistrict/loophole/lsm/timeline.go:441.16,448.3 3 1
github.com/semistrict/loophole/lsm/timeline.go:451.2,452.20 2 1
github.com/semistrict/loophole/lsm/timeline.go:452.20,456.3 2 1
github.com/semistrict/loophole/lsm/timeline.go:458.2,459.30 2 1
github.com/semistrict/loophole/lsm/timeline.go:459.30,461.22 2 1
github.com/semistrict/loophole/lsm/timeline.go:461.22,462.12 1 0
github.com/semistrict/loophole/lsm/timeline.go:464.3,465.25 2 1
github.com/semistrict/loophole/lsm/timeline.go:465.25,467.4 1 1
github.com/semistrict/loophole/lsm/timeline.go:470.2,470.51 1 1
github.com/semistrict/loophole/lsm/timeline.go:470.51,472.3 1 0
github.com/semistrict/loophole/lsm/timeline.go:473.2,475.12 2 1
github.com/semistrict/loophole/lsm/timeline.go:479.61,489.16 5 1
github.com/semistrict/loophole/lsm/timeline.go:489.16,491.3 1 0
github.com/semistrict/loophole/lsm/timeline.go:492.2,492.70 1 1
github.com/semistrict/loophole/lsm/timeline.go:497.128,499.16 2 1
github.com/semistrict/loophole/lsm/timeline.go:499.16,501.3 1 1
github.com/semistrict/loophole/lsm/timeline.go:502.2,502.42 1 1
github.com/semistrict/loophole/lsm/timeline.go:507.95,509.47 2 1
github.com/semistrict/loophole/lsm/timeline.go:509.47,512.3 2 1
github.com/semistrict/loophole/lsm/timeline.go:513.2,517.56 3 1
github.com/semistrict/loophole/lsm/timeline.go:517.56,519.17 2 1
github.com/semistrict/loophole/lsm/timeline.go:519.17,524.4 4 1
github.com/semistrict/loophole/lsm/timeline.go:526.3,526.26 1 0
github.com/semistrict/loophole/lsm/timeline.go:530.2,531.16 2 1
github.com/semistrict/loophole/lsm/timeline.go:531.16,533.3 1 1
github.com/semistrict/loophole/lsm/timeline.go:534.2,535.16 2 1
github.com/semistrict/loophole/lsm/timeline.go:535.16,537.3 1 0
github.com/semistrict/loophole/lsm/timeline.go:539.2,540.16 2 1
github.com/semistrict/loophole/lsm/timeline.go:540.16,542.3 1 0
github.com/semistrict/loophole/lsm/timeline.go:545.2,545.71 1 1
github.com/semistrict/loophole/lsm/timeline.go:545.71,547.3 1 1
github.com/semistrict/loophole/lsm/timeline.go:549.2,553.20 4 1
github.com/semistrict/loophole/lsm/timeline.go:557.120,559.16 2 1
github.com/semistrict/loophole/lsm/timeline.go:559.16,561.3 1 1
github.com/semistrict/loophole/lsm/timeline.go:562.2,562.34 1 1
github.com/semistrict/loophole/lsm/timeline.go:565.95,567.47 2 1
github.com/semistrict/loophole/lsm/timeline.go:567.47,570.3 2 1
github.com/semistrict/loophole/lsm/timeline.go:571.2,575.56 3 1
github.com/semistrict/loophole/lsm/timeline.go:575.56,577.17 2 1
github.com/semistrict/loophole/lsm/timeline.go:577.17,582.4 4 1
github.com/semistrict/loophole/lsm/timeline.go:583.3,583.26 1 0
github.com/semistrict/loophole/lsm/timeline.go:587.2,588.16 2 1
github.com/semistrict/loophole/lsm/timeline.go:588.16,590.3 1 1
github.com/semistrict/loophole/lsm/timeline.go:591.2,593.16 3 1
github.com/semistrict/loophole/lsm/timeline.go:593.16,595.3 1 0
github.com/semistrict/loophole/lsm/timeline.go:597.2,598.16 2 1
github.com/semistrict/loophole/lsm/timeline.go:598.16,600.3 1 0
github.com/semistrict/loophole/lsm/timeline.go:603.2,603.71 1 1
github.com/semistrict/loophole/lsm/timeline.go:603.71,605.3 1 1
github.com/semistrict/loophole/lsm/timeline.go:607.2,611.20 4 1
github.com/semistrict/loophole/lsm/timeline.go:614.60,615.24 1 1
github.com/semistrict/loophole/lsm/timeline.go:615.24,617.3 1 1
github.com/semistrict/loophole/lsm/timeline.go:623.56,625.38 1 1
github.com/semistrict/loophole/lsm/timeline.go:625.38,627.3 1 1
github.com/semistrict/loophole/lsm/timeline.go:632.2,633.16 2 1
github.com/semistrict/loophole/lsm/timeline.go:633.16,635.3 1 1
github.com/semistrict/loophole/lsm/timeline.go:637.2,644.22 7 1
github.com/semistrict/loophole/lsm/timeline.go:644.22,646.3 1 1
github.com/semistrict/loophole/lsm/timeline.go:648.2,650.28 2 1
github.com/semistrict/loophole/lsm/timeline.go:650.28,652.3 1 1
github.com/semistrict/loophole/lsm/timeline.go:653.2,653.36 1 1
github.com/semistrict/loophole/lsm/timeline.go:653.36,655.3 1 1
github.com/semistrict/loophole/lsm/timeline.go:658.2,666.38 3 1
github.com/semistrict/loophole/lsm/timeline.go:666.38,668.50 2 1
github.com/semistrict/loophole/lsm/timeline.go:668.50,669.26 1 1
github.com/semistrict/loophole/lsm/timeline.go:669.26,671.5 1 0
github.com/semistrict/loophole/lsm/timeline.go:673.3,676.29 3 1
github.com/semistrict/loophole/lsm/timeline.go:676.29,677.30 1 1
github.com/semistrict/loophole/lsm/timeline.go:677.30,679.5 1 1
github.com/semistrict/loophole/lsm/timeline.go:679.10,681.5 1 1
github.com/semistrict/loophole/lsm/timeline.go:683.3,683.28 1 1
github.com/semistrict/loophole/lsm/timeline.go:683.28,686.4 2 1
github.com/semistrict/loophole/lsm/timeline.go:687.3,689.44 3 1
github.com/semistrict/loophole/lsm/timeline.go:691.2,696.28 3 1
github.com/semistrict/loophole/lsm/timeline.go:696.28,698.17 2 1
github.com/semistrict/loophole/lsm/timeline.go:698.17,700.4 1 1
github.com/semistrict/loophole/lsm/timeline.go:701.3,701.35 1 1
github.com/semistrict/loophole/lsm/timeline.go:701.35,703.4 1 1
github.com/semistrict/loophole/lsm/timeline.go:705.2,705.36 1 1
github.com/semistrict/loophole/lsm/timeline.go:705.36,707.17 2 1
github.com/semistrict/loophole/lsm/timeline.go:707.17,709.4 1 0
github.com/semistrict/loophole/lsm/timeline.go:710.3,710.35 1 1
github.com/semistrict/loophole/lsm/timeline.go:710.35,712.4 1 1
github.com/semistrict/loophole/lsm/timeline.go:716.2,717.28 2 1
github.com/semistrict/loophole/lsm/timeline.go:717.28,719.3 1 1
github.com/semistrict/loophole/lsm/timeline.go:720.2,720.40 1 1
github.com/semistrict/loophole/lsm/timeline.go:720.40,720.70 1 1
github.com/semistrict/loophole/lsm/timeline.go:721.2,726.29 4 1
github.com/semistrict/loophole/lsm/timeline.go:726.29,728.17 2 1
github.com/semistrict/loophole/lsm/timeline.go:728.17,730.4 1 0
github.com/semistrict/loophole/lsm/timeline.go:734.3,734.53 1 1
github.com/semistrict/loophole/lsm/timeline.go:734.53,736.12 2 1
github.com/semistrict/loophole/lsm/timeline.go:738.3,738.68 1 1
github.com/semistrict/loophole/lsm/timeline.go:740.2,742.21 2 1
github.com/semistrict/loophole/lsm/timeline.go:742.21,752.46 8 1
github.com/semistrict/loophole/lsm/timeline.go:752.46,760.4 6 1
github.com/semistrict/loophole/lsm/timeline.go:762.3,762.29 1 1
github.com/semistrict/loophole/lsm/timeline.go:762.29,764.4 1 1
github.com/semistrict/loophole/lsm/timeline.go:765.3,765.37 1 1
github.com/semistrict/loophole/lsm/timeline.go:765.37,767.4 1 0
github.com/semistrict/loophole/lsm/timeline.go:768.3,769.13 2 1
github.com/semistrict/loophole/lsm/timeline.go:773.2,774.16 2 1
github.com/semistrict/loophole/lsm/timeline.go:774.16,776.3 1 0
github.com/semistrict/loophole/lsm/timeline.go:779.2,779.87 1 1
github.com/semistrict/loophole/lsm/timeline.go:779.87,782.3 2 1
github.com/semistrict/loophole/lsm/timeline.go:783.2,798.45 8 1
github.com/semistrict/loophole/lsm/timeline.go:798.45,806.3 6 1
github.com/semistrict/loophole/lsm/timeline.go:807.2,810.28 2 1
github.com/semistrict/loophole/lsm/timeline.go:810.28,812.3 1 1
github.com/semistrict/loophole/lsm/timeline.go:813.2,813.36 1 1
github.com/semistrict/loophole/lsm/timeline.go:813.36,815.3 1 1
github.com/semistrict/loophole/lsm/timeline.go:818.2,819.28 2 1
github.com/semistrict/loophole/lsm/timeline.go:819.28,821.3 1 1
github.com/semistrict/loophole/lsm/timeline.go:822.2,825.36 3 1
github.com/semistrict/loophole/lsm/timeline.go:825.36,827.3 1 1
github.com/semistrict/loophole/lsm/timeline.go:828.2,831.12 3 1
github.com/semistrict/loophole/lsm/timeline.go:838.91,842.32 3 0
github.com/semistrict/loophole/lsm/timeline.go:842.32,843.23 1 0
github.com/semistrict/loophole/lsm/timeline.go:843.23,844.14 1 0
github.com/semistrict/loophole/lsm/timeline.go:844.14,846.5 1 0
github.com/semistrict/loophole/lsm/timeline.go:848.3,848.14 1 0
github.com/semistrict/loophole/lsm/timeline.go:850.2,850.32 1 0
github.com/semistrict/loophole/lsm/timeline.go:850.32,851.18 1 0
github.com/semistrict/loophole/lsm/timeline.go:851.18,853.4 1 0
github.com/semistrict/loophole/lsm/timeline.go:854.3,854.13 1 0
github.com/semistrict/loophole/lsm/timeline.go:857.2,858.42 2 0
github.com/semistrict/loophole/lsm/timeline.go:858.42,860.3 1 0
github.com/semistrict/loophole/lsm/timeline.go:862.2,864.38 3 0
github.com/semistrict/loophole/lsm/timeline.go:864.38,866.3 1 0
github.com/semistrict/loophole/lsm/timeline.go:867.2,867.38 1 0
github.com/semistrict/loophole/lsm/timeline.go:867.38,869.3 1 0
github.com/semistrict/loophole/lsm/timeline.go:872.2,872.48 1 0
github.com/semistrict/loophole/lsm/timeline.go:872.48,873.25 1 0
github.com/semistrict/loophole/lsm/timeline.go:873.25,874.23 1 0
github.com/semistrict/loophole/lsm/timeline.go:874.23,876.5 1 0
github.com/semistrict/loophole/lsm/timeline.go:876.10,878.19 2 0
github.com/semistrict/loophole/lsm/timeline.go:878.19,880.6 1 0
github.com/semistrict/loophole/lsm/timeline.go:880.11,882.6 1 0
github.com/semistrict/loophole/lsm/timeline.go:884.9,886.4 1 0
github.com/semistrict/loophole/lsm/timeline.go:887.8,889.3 1 0
github.com/semistrict/loophole/lsm/timeline.go:892.2,897.40 5 0
github.com/semistrict/loophole/lsm/timeline.go:897.40,898.47 1 0
github.com/semistrict/loophole/lsm/timeline.go:898.47,899.26 1 0
github.com/semistrict/loophole/lsm/timeline.go:899.26,900.24 1 0
github.com/semistrict/loophole/lsm/timeline.go:900.24,902.6 1 0
github.com/semistrict/loophole/lsm/timeline.go:902.11,904.20 2 0
github.com/semistrict/loophole/lsm/timeline.go:904.20,906.7 1 0
github.com/semistrict/loophole/lsm/timeline.go:906.12,908.7 1 0
github.com/semistrict/loophole/lsm/timeline.go:910.10,912.5 1 0
github.com/semistrict/loophole/lsm/timeline.go:917.2,917.53 1 0
github.com/semistrict/loophole/lsm/timeline.go:917.53,918.65 1 0
github.com/semistrict/loophole/lsm/timeline.go:918.65,920.4 1 0
github.com/semistrict/loophole/lsm/timeline.go:920.9,922.4 1 0
github.com/semistrict/loophole/lsm/timeline.go:923.8,925.3 1 0
github.com/semistrict/loophole/lsm/timeline.go:928.2,928.50 1 0
github.com/semistrict/loophole/lsm/timeline.go:928.50,930.28 2 0
github.com/semistrict/loophole/lsm/timeline.go:930.28,932.12 2 0
github.com/semistrict/loophole/lsm/timeline.go:934.3,934.63 1 0
github.com/semistrict/loophole/lsm/timeline.go:934.63,936.12 2 0
github.com/semistrict/loophole/lsm/timeline.go:938.3,939.17 2 0
github.com/semistrict/loophole/lsm/timeline.go:939.17,941.4 1 0
github.com/semistrict/loophole/lsm/timeline.go:941.9,941.19 1 0
github.com/semistrict/loophole/lsm/timeline.go:941.19,943.4 1 0
github.com/semistrict/loophole/lsm/timeline.go:943.9,945.4 1 0
github.com/semistrict/loophole/lsm/timeline.go:949.2,949.50 1 0
github.com/semistrict/loophole/lsm/timeline.go:949.50,951.22 2 0
github.com/semistrict/loophole/lsm/timeline.go:951.22,953.12 2 0
github.com/semistrict/loophole/lsm/timeline.go:955.3,955.63 1 0
github.com/semistrict/loophole/lsm/timeline.go:955.63,957.12 2 0
github.com/semistrict/loophole/lsm/timeline.go:959.3,960.17 2 0
github.com/semistrict/loophole/lsm/timeline.go:960.17,962.4 1 0
github.com/semistrict/loophole/lsm/timeline.go:962.9,962.19 1 0
github.com/semistrict/loophole/lsm/timeline.go:962.19,964.4 1 0
github.com/semistrict/loophole/lsm/timeline.go:964.9,966.4 1 0
github.com/semistrict/loophole/lsm/timeline.go:970.2,970.24 1 0
github.com/semistrict/loophole/lsm/timeline.go:970.24,974.50 3 0
github.com/semistrict/loophole/lsm/timeline.go:974.50,976.4 1 0
github.com/semistrict/loophole/lsm/timeline.go:977.8,979.3 1 0
github.com/semistrict/loophole/lsm/timeline.go:981.2,982.26 2 0
github.com/semistrict/loophole/lsm/timeline.go:982.26,984.3 1 0
github.com/semistrict/loophole/lsm/timeline.go:985.2,985.15 1 0
github.com/semistrict/loophole/lsm/timeline.go:988.36,990.43 2 0
github.com/semistrict/loophole/lsm/timeline.go:990.43,991.14 1 0
github.com/semistrict/loophole/lsm/timeline.go:991.14,993.4 1 0
github.com/semistrict/loophole/lsm/timeline.go:995.2,995.14 1 0
github.com/semistrict/loophole/lsm/timeline.go:998.29,1000.24 2 1
github.com/semistrict/loophole/lsm/timeline.go:1000.24,1002.3 1 1
github.com/semistrict/loophole/lsm/timeline.go:1003.2,1006.37 3 1
github.com/semistrict/loophole/lsm/timeline.go:1006.37,1008.3 1 1
github.com/semistrict/loophole/lsm/timeline.go:1009.2,1012.24 3 1
github.com/semistrict/loophole/lsm/timeline.go:1012.24,1014.3 1 1
github.com/semistrict/loophole/lsm/volume.go:32.76,33.15 1 1
github.com/semistrict/loophole/lsm/volume.go:33.15,35.3 1 0
github.com/semistrict/loophole/lsm/volume.go:36.2,43.10 3 1
github.com/semistrict/loophole/lsm/volume.go:46.33,46.50 1 0
github.com/semistrict/loophole/lsm/volume.go:47.33,47.50 1 1
github.com/semistrict/loophole/lsm/volume.go:48.34,48.62 1 1
github.com/semistrict/loophole/lsm/volume.go:50.84,54.2 3 1
github.com/semistrict/loophole/lsm/volume.go:56.79,57.23 1 1
github.com/semistrict/loophole/lsm/volume.go:57.23,59.3 1 1
github.com/semistrict/loophole/lsm/volume.go:60.2,62.44 3 1
github.com/semistrict/loophole/lsm/volume.go:65.78,66.23 1 1
github.com/semistrict/loophole/lsm/volume.go:66.23,68.3 1 1
github.com/semistrict/loophole/lsm/volume.go:69.2,71.50 3 1
github.com/semistrict/loophole/lsm/volume.go:74.51,78.2 3 1
github.com/semistrict/loophole/lsm/volume.go:80.75,84.23 3 1
github.com/semistrict/loophole/lsm/volume.go:84.23,86.3 1 1
github.com/semistrict/loophole/lsm/volume.go:94.2,98.72 4 1
github.com/semistrict/loophole/lsm/volume.go:98.72,100.3 1 1
github.com/semistrict/loophole/lsm/volume.go:103.2,103.24 1 1
github.com/semistrict/loophole/lsm/volume.go:103.24,105.72 2 1
github.com/semistrict/loophole/lsm/volume.go:105.72,107.4 1 1
github.com/semistrict/loophole/lsm/volume.go:110.2,110.12 1 1
github.com/semistrict/loophole/lsm/volume.go:113.89,123.24 5 1
github.com/semistrict/loophole/lsm/volume.go:123.24,127.3 3 1
github.com/semistrict/loophole/lsm/volume.go:127.8,130.3 2 1
github.com/semistrict/loophole/lsm/volume.go:132.2,133.72 2 1
github.com/semistrict/loophole/lsm/volume.go:133.72,135.3 1 1
github.com/semistrict/loophole/lsm/volume.go:137.2,140.68 3 1
github.com/semistrict/loophole/lsm/volume.go:140.68,142.3 1 1
github.com/semistrict/loophole/lsm/volume.go:144.2,144.45 1 1
github.com/semistrict/loophole/lsm/volume.go:147.117,148.23 1 1
github.com/semistrict/loophole/lsm/volume.go:148.23,150.3 1 1
github.com/semistrict/loophole/lsm/volume.go:153.2,155.22 3 1
github.com/semistrict/loophole/lsm/volume.go:155.22,158.17 3 1
github.com/semistrict/loophole/lsm/volume.go:158.17,160.4 1 0
github.com/semistrict/loophole/lsm/volume.go:161.3,161.62 1 1
github.com/semistrict/loophole/lsm/volume.go:161.62,163.4 1 0
github.com/semistrict/loophole/lsm/volume.go:164.3,164.22 1 1
github.com/semistrict/loophole/lsm/volume.go:166.2,166.20 1 1
github.com/semistrict/loophole/lsm/volume.go:169.52,170.23 1 1
github.com/semistrict/loophole/lsm/volume.go:170.23,172.3 1 1
github.com/semistrict/loophole/lsm/volume.go:173.2,175.46 3 1
github.com/semistrict/loophole/lsm/volume.go:175.46,177.3 1 1
github.com/semistrict/loophole/lsm/volume.go:178.2,179.12 2 1
github.com/semistrict/loophole/lsm/volume.go:182.37,183.16 1 1
github.com/semistrict/loophole/lsm/volume.go:183.16,185.13 2 1
github.com/semistrict/loophole/lsm/volume.go:185.13,187.4 1 1
github.com/semistrict/loophole/lsm/volume.go:188.3,188.36 1 1
github.com/semistrict/loophole/lsm/volume.go:188.36,190.4 1 1
github.com/semistrict/loophole/lsm/volume.go:192.2,192.30 1 0
github.com/semistrict/loophole/lsm/volume.go:195.56,196.25 1 1
github.com/semistrict/loophole/lsm/volume.go:196.25,198.3 1 1
github.com/semistrict/loophole/lsm/volume.go:199.2,199.12 1 1
github.com/semistrict/loophole/lsm/volume.go:202.53,208.2 5 1
github.com/semistrict/loophole/lsm/volume.go:212.87,214.16 2 1
github.com/semistrict/loophole/lsm/volume.go:214.16,216.3 1 0
github.com/semistrict/loophole/lsm/volume.go:217.2,218.16 2 1
github.com/semistrict/loophole/lsm/volume.go:218.16,220.3 1 1
github.com/semistrict/loophole/lsm/volume.go:221.2,221.14 1 1
github.com/semistrict/loophole/lsm/volume.go:221.14,223.3 1 0
github.com/semistrict/loophole/lsm/volume.go:224.2,224.12 1 1
